{"C:\\Users\\nprasads\\Documents\\Git\\drum-machine\\src\\assets\\js\\index.js": {"path":"C:\\Users\\nprasads\\Documents\\Git\\drum-machine\\src\\assets\\js\\index.js","statementMap":{"0":{"start":{"line":1,"column":20},"end":{"line":1,"column":85}},"1":{"start":{"line":1,"column":26},"end":{"line":1,"column":85}}},"fnMap":{"0":{"name":"(anonymous_0)","decl":{"start":{"line":1,"column":20},"end":{"line":1,"column":21}},"loc":{"start":{"line":1,"column":26},"end":{"line":1,"column":85}},"line":1}},"branchMap":{},"s":{"0":0,"1":0},"f":{"0":0},"b":{}}
}
